TN:
SF:/Users/a13694/usr/src/iso-flow/backend/src/db/connection.rs
FN:7,create_pool
FN:46,get_database_type
FN:52,mask_connection_string
FNF:3
FNDA:0,create_pool
FNDA:0,get_database_type
FNDA:7,mask_connection_string
DA:7,0
DA:8,0
DA:9,0
DA:12,0
DA:13,0
DA:19,0
DA:20,0
DA:21,0
DA:22,0
DA:26,0
DA:27,0
DA:28,0
DA:32,0
DA:34,0
DA:35,0
DA:37,0
DA:39,0
DA:46,0
DA:47,0
DA:52,7
DA:53,10
DA:54,3
DA:62,4
LF:23
LH:4
end_of_record
TN:
SF:/Users/a13694/usr/src/iso-flow/backend/src/db/repository.rs
FN:38,PgNewsRepository::new
FN:45,<impl NewsRepository for PgNewsRepository>::get_all_news
FN:81,<impl NewsRepository for PgNewsRepository>::get_news_by_category
FN:119,<impl NewsRepository for PgNewsRepository>::get_news_by_source
FN:157,<impl NewsRepository for PgNewsRepository>::save_news
FN:179,<impl NewsRepository for PgNewsRepository>::get_recent_news
FN:229,mock::MockNewsRepository::new
FN:235,mock::MockNewsRepository::with_news
FN:244,mock::<impl NewsRepository for MockNewsRepository>::get_all_news
FN:248,mock::<impl NewsRepository for MockNewsRepository>::get_news_by_category
FN:259,mock::<impl NewsRepository for MockNewsRepository>::get_news_by_source
FN:270,mock::<impl NewsRepository for MockNewsRepository>::save_news
FN:280,mock::<impl NewsRepository for MockNewsRepository>::get_recent_news
FNF:13
FNDA:0,PgNewsRepository::new
FNDA:0,<impl NewsRepository for PgNewsRepository>::get_all_news
FNDA:0,<impl NewsRepository for PgNewsRepository>::get_news_by_category
FNDA:0,<impl NewsRepository for PgNewsRepository>::get_news_by_source
FNDA:0,<impl NewsRepository for PgNewsRepository>::save_news
FNDA:0,<impl NewsRepository for PgNewsRepository>::get_recent_news
FNDA:2,mock::MockNewsRepository::new
FNDA:2,mock::MockNewsRepository::with_news
FNDA:8,mock::<impl NewsRepository for MockNewsRepository>::get_all_news
FNDA:8,mock::<impl NewsRepository for MockNewsRepository>::get_news_by_category
FNDA:2,mock::<impl NewsRepository for MockNewsRepository>::get_news_by_source
FNDA:6,mock::<impl NewsRepository for MockNewsRepository>::save_news
FNDA:0,mock::<impl NewsRepository for MockNewsRepository>::get_recent_news
DA:38,0
DA:45,0
DA:64,0
DA:65,0
DA:67,0
DA:68,0
DA:69,0
DA:70,0
DA:71,0
DA:72,0
DA:73,0
DA:74,0
DA:75,0
DA:76,0
DA:78,0
DA:81,0
DA:101,0
DA:102,0
DA:103,0
DA:105,0
DA:106,0
DA:107,0
DA:108,0
DA:109,0
DA:110,0
DA:111,0
DA:112,0
DA:113,0
DA:114,0
DA:116,0
DA:119,0
DA:139,0
DA:140,0
DA:141,0
DA:143,0
DA:144,0
DA:145,0
DA:146,0
DA:147,0
DA:148,0
DA:149,0
DA:150,0
DA:151,0
DA:152,0
DA:154,0
DA:157,0
DA:158,0
DA:166,0
DA:167,0
DA:168,0
DA:169,0
DA:170,0
DA:171,0
DA:172,0
DA:173,0
DA:174,0
DA:176,0
DA:179,0
DA:199,0
DA:200,0
DA:201,0
DA:203,0
DA:204,0
DA:205,0
DA:206,0
DA:207,0
DA:208,0
DA:209,0
DA:210,0
DA:211,0
DA:212,0
DA:214,0
DA:229,2
DA:231,4
DA:235,2
DA:237,4
DA:244,8
DA:245,4
DA:248,8
DA:249,4
DA:250,4
DA:251,4
DA:252,4
DA:253,4
DA:254,16
DA:255,4
DA:256,4
DA:259,2
DA:260,1
DA:261,1
DA:262,1
DA:263,1
DA:264,1
DA:265,3
DA:266,1
DA:267,1
DA:270,6
DA:271,9
DA:272,9
DA:273,4
DA:274,2
DA:277,3
DA:280,0
DA:281,0
DA:282,0
DA:283,0
DA:284,0
DA:285,0
DA:286,0
DA:287,0
DA:288,0
LF:111
LH:30
end_of_record
TN:
SF:/Users/a13694/usr/src/iso-flow/backend/src/db/simple_repository.rs
FN:10,SimpleRepository::new
FN:15,SimpleRepository::count_news
FN:23,SimpleRepository::check_tables
FNF:3
FNDA:0,SimpleRepository::new
FNDA:0,SimpleRepository::count_news
FNDA:0,SimpleRepository::check_tables
DA:10,0
DA:15,0
DA:16,0
DA:17,0
DA:18,0
DA:19,0
DA:23,0
DA:27,0
DA:28,0
DA:29,0
LF:10
LH:0
end_of_record
TN:
SF:/Users/a13694/usr/src/iso-flow/backend/src/graphql.rs
FN:38,<impl From for TradeNews>::from
FN:59,Query::trade_news
FN:90,Query::trade_news_by_category
FN:124,Query::trade_news_by_source
FN:168,Mutation::scrape_rss
FN:218,create_schema
FN:226,create_schema_with_repository
FN:234,graphql_routes
FN:238,graphql_routes::graphql_handler
FN:245,graphql_routes::graphql_playground
FNF:10
FNDA:2,<impl From for TradeNews>::from
FNDA:0,Query::trade_news
FNDA:0,Query::trade_news_by_category
FNDA:0,Query::trade_news_by_source
FNDA:0,Mutation::scrape_rss
FNDA:0,create_schema
FNDA:0,create_schema_with_repository
FNDA:0,graphql_routes
FNDA:0,graphql_routes::graphql_handler
FNDA:0,graphql_routes::graphql_playground
DA:38,2
DA:40,4
DA:41,4
DA:42,4
DA:43,4
DA:44,6
DA:45,2
DA:46,2
DA:59,0
DA:60,0
DA:61,0
DA:63,0
DA:66,0
DA:68,0
DA:70,0
DA:71,0
DA:72,0
DA:74,0
DA:75,0
DA:76,0
DA:77,0
DA:78,0
DA:79,0
DA:80,0
DA:81,0
DA:83,0
DA:87,0
DA:90,0
DA:95,0
DA:96,0
DA:98,0
DA:100,0
DA:102,0
DA:104,0
DA:105,0
DA:106,0
DA:108,0
DA:109,0
DA:110,0
DA:111,0
DA:112,0
DA:113,0
DA:114,0
DA:115,0
DA:117,0
DA:121,0
DA:124,0
DA:129,0
DA:130,0
DA:134,0
DA:136,0
DA:138,0
DA:139,0
DA:141,0
DA:142,0
DA:143,0
DA:145,0
DA:146,0
DA:147,0
DA:148,0
DA:149,0
DA:150,0
DA:151,0
DA:152,0
DA:154,0
DA:158,0
DA:168,0
DA:169,0
DA:170,0
DA:172,0
DA:175,0
DA:176,0
DA:178,0
DA:181,0
DA:183,0
DA:184,0
DA:187,0
DA:191,0
DA:192,0
DA:193,0
DA:194,0
DA:195,0
DA:196,0
DA:197,0
DA:198,0
DA:218,0
DA:219,0
DA:220,0
DA:226,0
DA:229,0
DA:230,0
DA:234,0
DA:238,0
DA:242,0
DA:245,0
DA:246,0
DA:247,0
DA:251,0
DA:252,0
DA:253,0
LF:100
LH:8
end_of_record
TN:
SF:/Users/a13694/usr/src/iso-flow/backend/src/graphql_context.rs
FN:14,GraphQLContext::new
FNF:1
FNDA:0,GraphQLContext::new
DA:14,0
LF:1
LH:0
end_of_record
TN:
SF:/Users/a13694/usr/src/iso-flow/backend/src/lib.rs
FN:67,create_app
FN:82,graphql_handler
FN:89,graphiql
FN:97,health_check
FNF:4
FNDA:0,create_app
FNDA:0,graphql_handler
FNDA:2,graphiql
FNDA:2,health_check
DA:67,0
DA:68,0
DA:70,0
DA:71,0
DA:72,0
DA:73,0
DA:75,0
DA:76,0
DA:77,0
DA:78,0
DA:79,0
DA:82,0
DA:86,0
DA:89,2
DA:91,2
DA:92,2
DA:93,1
DA:97,2
DA:98,2
DA:99,2
DA:100,2
DA:101,2
LF:22
LH:9
end_of_record
TN:
SF:/Users/a13694/usr/src/iso-flow/backend/src/scheduler/mod.rs
FN:15,run_scraping_job
FN:45,run_scraping_job_with_persistence
FN:76,create_scheduler
FN:107,create_immediate_scheduler
FNF:4
FNDA:0,run_scraping_job
FNDA:2,run_scraping_job_with_persistence
FNDA:0,create_scheduler
FNDA:0,create_immediate_scheduler
DA:15,0
DA:16,0
DA:19,0
DA:20,0
DA:22,0
DA:25,0
DA:26,0
DA:28,0
DA:29,0
DA:32,0
DA:35,0
DA:36,0
DA:37,0
DA:41,0
DA:45,2
DA:48,2
DA:51,4
DA:52,6
DA:54,0
DA:57,2
DA:60,0
DA:63,0
DA:67,0
DA:68,0
DA:76,0
DA:77,0
DA:82,0
DA:83,0
DA:84,0
DA:85,0
DA:86,0
DA:88,0
DA:90,0
DA:92,0
DA:93,0
DA:99,0
DA:101,0
DA:103,0
DA:107,0
DA:108,0
DA:111,0
DA:112,0
DA:113,0
DA:114,0
DA:115,0
DA:117,0
DA:119,0
DA:121,0
DA:122,0
DA:128,0
DA:130,0
DA:132,0
LF:52
LH:5
end_of_record
TN:
SF:/Users/a13694/usr/src/iso-flow/backend/src/scraper/models.rs
FN:24,<impl Display for NewsSource>::fmt
FN:35,NewsSource::from_string
FN:52,RssFeed::new
FN:70,NewsItem::determine_category
FN:120,NewsItem::generate_id
FNF:5
FNDA:57,<impl Display for NewsSource>::fmt
FNDA:0,NewsSource::from_string
FNDA:6,RssFeed::new
FNDA:135,NewsItem::determine_category
FNDA:128,NewsItem::generate_id
DA:24,57
DA:25,57
DA:26,20
DA:27,108
DA:28,0
DA:29,4
DA:35,0
DA:36,0
DA:37,0
DA:38,0
DA:39,0
DA:40,0
DA:52,6
DA:54,12
DA:70,135
DA:71,270
DA:73,270
DA:74,405
DA:78,270
DA:79,1215
DA:80,270
DA:84,270
DA:85,135
DA:86,270
DA:87,270
DA:88,270
DA:89,270
DA:90,270
DA:91,270
DA:92,270
DA:93,270
DA:94,270
DA:95,270
DA:96,270
DA:97,270
DA:98,270
DA:99,135
DA:100,135
DA:104,2633
DA:105,2550
DA:106,52
DA:110,1559
DA:111,1522
DA:112,46
DA:116,37
DA:120,128
DA:121,253
DA:128,6
DA:129,9
DA:130,12
LF:50
LH:43
end_of_record
TN:
SF:/Users/a13694/usr/src/iso-flow/backend/src/scraper/persistence.rs
FN:16,NewsPersistence::new
FN:21,NewsPersistence::save_news_items
FN:57,NewsPersistence::save_single_item
FN:93,NewsPersistence::exists_by_external_id
FN:104,NewsPersistence::get_recent_news
FN:132,NewsPersistence::get_news_by_category
FN:162,<impl NewsPersistenceTrait for NewsPersistence>::save_news_items
FN:166,<impl NewsPersistenceTrait for NewsPersistence>::exists_by_external_id
FN:170,<impl NewsPersistenceTrait for NewsPersistence>::get_recent_news
FN:174,<impl NewsPersistenceTrait for NewsPersistence>::get_news_by_category
FNF:10
FNDA:0,NewsPersistence::new
FNDA:0,NewsPersistence::save_news_items
FNDA:0,NewsPersistence::save_single_item
FNDA:0,NewsPersistence::exists_by_external_id
FNDA:0,NewsPersistence::get_recent_news
FNDA:0,NewsPersistence::get_news_by_category
FNDA:0,<impl NewsPersistenceTrait for NewsPersistence>::save_news_items
FNDA:0,<impl NewsPersistenceTrait for NewsPersistence>::exists_by_external_id
FNDA:0,<impl NewsPersistenceTrait for NewsPersistence>::get_recent_news
FNDA:0,<impl NewsPersistenceTrait for NewsPersistence>::get_news_by_category
DA:16,0
DA:21,0
DA:22,0
DA:23,0
DA:24,0
DA:26,0
DA:27,0
DA:28,0
DA:29,0
DA:30,0
DA:32,0
DA:35,0
DA:36,0
DA:37,0
DA:42,0
DA:43,0
DA:46,0
DA:49,0
DA:50,0
DA:51,0
DA:52,0
DA:57,0
DA:59,0
DA:60,0
DA:61,0
DA:64,0
DA:65,0
DA:76,0
DA:77,0
DA:78,0
DA:79,0
DA:80,0
DA:81,0
DA:82,0
DA:83,0
DA:84,0
DA:85,0
DA:86,0
DA:87,0
DA:89,0
DA:93,0
DA:94,0
DA:95,0
DA:96,0
DA:97,0
DA:98,0
DA:100,0
DA:104,0
DA:124,0
DA:125,0
DA:126,0
DA:128,0
DA:132,0
DA:152,0
DA:153,0
DA:154,0
DA:156,0
DA:162,0
DA:163,0
DA:166,0
DA:167,0
DA:170,0
DA:171,0
DA:174,0
DA:175,0
LF:65
LH:0
end_of_record
TN:
SF:/Users/a13694/usr/src/iso-flow/backend/src/scraper/rss_parser.rs
FN:14,<impl Default for RssParser>::default
FN:20,RssParser::new
FN:29,RssParser::fetch_all_feeds
FN:48,RssParser::fetch_feed
FN:77,RssParser::parse_rss_item
FNF:5
FNDA:0,<impl Default for RssParser>::default
FNDA:8,RssParser::new
FNDA:6,RssParser::fetch_all_feeds
FNDA:12,RssParser::fetch_feed
FNDA:128,RssParser::parse_rss_item
DA:14,0
DA:15,0
DA:20,8
DA:22,16
DA:29,6
DA:30,6
DA:32,21
DA:33,36
DA:34,6
DA:35,0
DA:38,0
DA:39,0
DA:44,1587
DA:48,12
DA:49,6
DA:51,18
DA:52,12
DA:53,18
DA:55,6
DA:58,6
DA:63,6
DA:67,123
DA:68,123
DA:69,0
DA:77,128
DA:78,384
DA:79,127
DA:80,248
DA:84,375
DA:85,372
DA:89,248
LF:31
LH:25
end_of_record
TN:
SF:/Users/a13694/usr/src/iso-flow/backend/src/test_utils.rs
FN:15,create_test_app
FN:31,create_mock_app
FN:37,create_mock_app_with_data
FN:42,graphql_handler
FN:49,graphiql
FN:57,health_check
FNF:6
FNDA:0,create_test_app
FNDA:0,create_mock_app
FNDA:0,create_mock_app_with_data
FNDA:0,graphql_handler
FNDA:0,graphiql
FNDA:0,health_check
DA:15,0
DA:16,0
DA:18,0
DA:19,0
DA:20,0
DA:21,0
DA:23,0
DA:24,0
DA:25,0
DA:26,0
DA:27,0
DA:31,0
DA:32,0
DA:33,0
DA:37,0
DA:38,0
DA:39,0
DA:42,0
DA:46,0
DA:49,0
DA:51,0
DA:52,0
DA:53,0
DA:57,0
DA:58,0
DA:59,0
DA:60,0
DA:61,0
LF:28
LH:0
end_of_record
TN:
SF:/Users/a13694/usr/src/iso-flow/backend/src/utils/mod.rs
FN:4,string_utils::to_uppercase
FN:9,string_utils::to_lowercase
FN:14,string_utils::trim
FNF:3
FNDA:2,string_utils::to_uppercase
FNDA:2,string_utils::to_lowercase
FNDA:0,string_utils::trim
DA:4,2
DA:5,4
DA:9,2
DA:10,4
DA:14,0
DA:15,0
LF:6
LH:4
end_of_record
