TN:
SF:/Users/a13694/usr/src/iso-flow/backend/src/bin/init_scrape.rs
FN:14,main
FNF:1
FNDA:0,main
DA:14,0
DA:16,0
DA:17,0
DA:19,0
DA:21,0
DA:24,0
DA:27,0
DA:28,0
DA:29,0
DA:32,0
DA:33,0
DA:35,0
DA:36,0
DA:39,0
DA:42,0
DA:43,0
DA:44,0
DA:45,0
DA:49,0
LF:19
LH:0
end_of_record
TN:
SF:/Users/a13694/usr/src/iso-flow/backend/src/bin/scheduler.rs
FN:21,main
FNF:1
FNDA:0,main
DA:21,0
DA:23,0
DA:24,0
DA:26,0
DA:28,0
DA:30,0
DA:33,0
DA:35,0
DA:38,0
DA:39,0
DA:40,0
DA:41,0
DA:42,0
DA:47,0
DA:48,0
DA:50,0
DA:51,0
DA:54,0
DA:56,0
DA:57,0
DA:58,0
DA:60,0
LF:22
LH:0
end_of_record
TN:
SF:/Users/a13694/usr/src/iso-flow/backend/src/bin/scrape.rs
FN:9,main
FNF:1
FNDA:0,main
DA:9,0
DA:11,0
DA:12,0
DA:14,0
DA:16,0
DA:19,0
DA:22,0
DA:23,0
DA:25,0
DA:28,0
DA:29,0
DA:31,0
DA:32,0
DA:35,0
DA:38,0
DA:39,0
DA:40,0
DA:41,0
DA:45,0
LF:19
LH:0
end_of_record
TN:
SF:/Users/a13694/usr/src/iso-flow/backend/src/db/connection.rs
FN:7,create_pool
FN:46,get_database_type
FN:52,mask_connection_string
FNF:3
FNDA:60,create_pool
FNDA:0,get_database_type
FNDA:8,mask_connection_string
DA:7,60
DA:8,20
DA:9,0
DA:12,0
DA:13,0
DA:19,10
DA:20,0
DA:21,0
DA:22,0
DA:26,0
DA:27,0
DA:28,0
DA:32,10
DA:34,0
DA:35,0
DA:37,0
DA:39,0
DA:46,0
DA:47,0
DA:52,8
DA:53,12
DA:54,4
DA:62,4
LF:23
LH:8
end_of_record
TN:
SF:/Users/a13694/usr/src/iso-flow/backend/src/db/repository.rs
FN:17,PgNewsRepository::new
FN:21,PgNewsRepository::get_all_news
FN:57,PgNewsRepository::get_news_by_category
FN:95,PgNewsRepository::get_news_by_source
FN:133,PgNewsRepository::save_news
FN:155,PgNewsRepository::get_recent_news
FNF:6
FNDA:4,PgNewsRepository::new
FNDA:2,PgNewsRepository::get_all_news
FNDA:2,PgNewsRepository::get_news_by_category
FNDA:2,PgNewsRepository::get_news_by_source
FNDA:8,PgNewsRepository::save_news
FNDA:2,PgNewsRepository::get_recent_news
DA:17,4
DA:21,2
DA:40,2
DA:41,1
DA:43,0
DA:44,0
DA:45,0
DA:46,1
DA:47,1
DA:48,1
DA:49,1
DA:50,2
DA:51,1
DA:52,1
DA:54,0
DA:57,2
DA:77,3
DA:78,2
DA:79,1
DA:81,0
DA:82,0
DA:83,0
DA:84,1
DA:85,1
DA:86,1
DA:87,1
DA:88,2
DA:89,1
DA:90,1
DA:92,0
DA:95,2
DA:115,3
DA:116,2
DA:117,1
DA:119,0
DA:120,0
DA:121,0
DA:122,1
DA:123,1
DA:124,1
DA:125,1
DA:126,2
DA:127,1
DA:128,1
DA:130,0
DA:133,8
DA:134,16
DA:142,18
DA:143,18
DA:144,18
DA:145,18
DA:146,24
DA:147,18
DA:148,18
DA:149,12
DA:150,6
DA:152,4
DA:155,2
DA:175,3
DA:176,2
DA:177,1
DA:179,0
DA:180,0
DA:181,0
DA:182,3
DA:183,3
DA:184,3
DA:185,3
DA:186,6
DA:187,3
DA:188,3
DA:190,0
LF:72
LH:56
end_of_record
TN:
SF:/Users/a13694/usr/src/iso-flow/backend/src/db/simple_repository.rs
FN:10,SimpleRepository::new
FN:15,SimpleRepository::count_news
FN:23,SimpleRepository::check_tables
FNF:3
FNDA:3,SimpleRepository::new
FNDA:2,SimpleRepository::count_news
FNDA:4,SimpleRepository::check_tables
DA:10,3
DA:15,2
DA:16,4
DA:17,2
DA:18,1
DA:19,0
DA:23,4
DA:27,4
DA:28,2
DA:29,0
LF:10
LH:8
end_of_record
TN:
SF:/Users/a13694/usr/src/iso-flow/backend/src/graphql.rs
FN:38,<impl From for TradeNews>::from
FN:59,Query::trade_news
FN:85,Query::trade_news_by_category
FN:114,Query::trade_news_by_source
FN:153,Mutation::scrape_rss
FN:203,create_schema
FN:209,graphql_routes
FN:213,graphql_routes::graphql_handler
FN:220,graphql_routes::graphql_playground
FNF:9
FNDA:38,<impl From for TradeNews>::from
FNDA:10,Query::trade_news
FNDA:5,Query::trade_news_by_category
FNDA:5,Query::trade_news_by_source
FNDA:0,Mutation::scrape_rss
FNDA:50,create_schema
FNDA:25,graphql_routes
FNDA:20,graphql_routes::graphql_handler
FNDA:10,graphql_routes::graphql_playground
DA:38,38
DA:40,76
DA:41,76
DA:42,76
DA:43,76
DA:44,114
DA:45,38
DA:46,38
DA:59,10
DA:60,15
DA:61,0
DA:63,5
DA:66,0
DA:68,0
DA:69,0
DA:70,0
DA:71,0
DA:72,0
DA:73,0
DA:74,0
DA:75,0
DA:76,0
DA:78,0
DA:82,0
DA:85,5
DA:90,15
DA:91,0
DA:93,5
DA:95,0
DA:97,0
DA:98,0
DA:99,0
DA:100,0
DA:101,0
DA:102,0
DA:103,0
DA:104,0
DA:105,0
DA:107,0
DA:111,0
DA:114,5
DA:119,15
DA:120,0
DA:124,5
DA:126,0
DA:128,0
DA:129,0
DA:130,0
DA:131,0
DA:132,0
DA:133,0
DA:134,0
DA:135,0
DA:136,0
DA:137,0
DA:139,0
DA:143,0
DA:153,0
DA:154,0
DA:155,0
DA:157,0
DA:160,0
DA:161,0
DA:163,0
DA:166,0
DA:168,0
DA:169,0
DA:172,0
DA:176,0
DA:177,0
DA:178,0
DA:179,0
DA:180,0
DA:181,0
DA:182,0
DA:183,0
DA:203,50
DA:204,200
DA:205,100
DA:209,25
DA:213,20
DA:217,100
DA:220,10
DA:221,10
DA:222,5
DA:226,25
DA:227,100
DA:228,50
LF:88
LH:29
end_of_record
TN:
SF:/Users/a13694/usr/src/iso-flow/backend/src/lib.rs
FN:60,create_app
FN:75,graphql_handler
FN:82,graphiql
FN:90,health_check
FNF:4
FNDA:25,create_app
FNDA:5,graphql_handler
FNDA:12,graphiql
FNDA:22,health_check
DA:60,25
DA:61,75
DA:63,50
DA:64,50
DA:65,50
DA:66,50
DA:68,25
DA:69,100
DA:70,75
DA:71,50
DA:72,50
DA:75,5
DA:79,20
DA:82,12
DA:84,12
DA:85,12
DA:86,6
DA:90,22
DA:91,22
DA:92,22
DA:93,22
DA:94,22
LF:22
LH:22
end_of_record
TN:
SF:/Users/a13694/usr/src/iso-flow/backend/src/main.rs
FN:8,main
FNF:1
FNDA:0,main
DA:8,0
DA:10,0
DA:11,0
DA:13,0
DA:15,0
DA:18,0
DA:21,0
DA:22,0
DA:24,0
DA:26,0
DA:28,0
DA:30,0
DA:31,0
DA:33,0
LF:14
LH:0
end_of_record
TN:
SF:/Users/a13694/usr/src/iso-flow/backend/src/scheduler/mod.rs
FN:14,run_scraping_job
FN:44,create_scheduler
FN:75,create_immediate_scheduler
FNF:3
FNDA:0,run_scraping_job
FNDA:0,create_scheduler
FNDA:0,create_immediate_scheduler
DA:14,0
DA:15,0
DA:18,0
DA:19,0
DA:21,0
DA:24,0
DA:25,0
DA:27,0
DA:28,0
DA:31,0
DA:34,0
DA:35,0
DA:36,0
DA:40,0
DA:44,0
DA:45,0
DA:50,0
DA:51,0
DA:52,0
DA:53,0
DA:54,0
DA:56,0
DA:58,0
DA:60,0
DA:61,0
DA:67,0
DA:69,0
DA:71,0
DA:75,0
DA:76,0
DA:79,0
DA:80,0
DA:81,0
DA:82,0
DA:83,0
DA:85,0
DA:87,0
DA:89,0
DA:90,0
DA:96,0
DA:98,0
DA:100,0
LF:42
LH:0
end_of_record
TN:
SF:/Users/a13694/usr/src/iso-flow/backend/src/scraper/models.rs
FN:24,<impl Display for NewsSource>::fmt
FN:35,NewsSource::from_string
FN:52,RssFeed::new
FN:70,NewsItem::determine_category
FN:120,NewsItem::generate_id
FNF:5
FNDA:98,<impl Display for NewsSource>::fmt
FNDA:31,NewsSource::from_string
FNDA:22,RssFeed::new
FNDA:119,NewsItem::determine_category
FNDA:62,NewsItem::generate_id
DA:24,98
DA:25,98
DA:26,56
DA:27,60
DA:28,30
DA:29,48
DA:35,31
DA:36,31
DA:37,42
DA:38,25
DA:39,20
DA:40,10
DA:52,22
DA:54,44
DA:70,119
DA:71,238
DA:73,238
DA:74,357
DA:78,238
DA:79,1071
DA:80,238
DA:84,238
DA:85,119
DA:86,238
DA:87,238
DA:88,238
DA:89,238
DA:90,238
DA:91,238
DA:92,238
DA:93,238
DA:94,238
DA:95,238
DA:96,238
DA:97,238
DA:98,238
DA:99,119
DA:100,119
DA:104,2052
DA:105,1980
DA:106,47
DA:110,1356
DA:111,1324
DA:112,40
DA:116,32
DA:120,62
DA:121,106
DA:128,36
DA:129,54
DA:130,72
LF:50
LH:50
end_of_record
TN:
SF:/Users/a13694/usr/src/iso-flow/backend/src/scraper/persistence.rs
FN:14,NewsPersistence::new
FN:19,NewsPersistence::save_news_items
FN:55,NewsPersistence::save_single_item
FN:89,NewsPersistence::exists_by_external_id
FN:100,NewsPersistence::get_recent_news
FN:125,NewsPersistence::get_news_by_category
FNF:6
FNDA:19,NewsPersistence::new
FNDA:10,NewsPersistence::save_news_items
FNDA:10,NewsPersistence::save_single_item
FNDA:10,NewsPersistence::exists_by_external_id
FNDA:22,NewsPersistence::get_recent_news
FNDA:12,NewsPersistence::get_news_by_category
DA:14,19
DA:19,10
DA:20,10
DA:21,10
DA:22,10
DA:24,15
DA:25,20
DA:26,5
DA:27,4
DA:28,4
DA:30,1
DA:33,0
DA:34,0
DA:35,0
DA:40,5
DA:41,0
DA:44,0
DA:55,10
DA:57,20
DA:59,1
DA:83,0
DA:85,4
DA:89,10
DA:90,5
DA:91,15
DA:92,15
DA:93,10
DA:94,5
DA:100,22
DA:117,33
DA:118,22
DA:119,11
DA:125,12
DA:142,18
DA:143,12
DA:144,6
LF:36
LH:30
end_of_record
TN:
SF:/Users/a13694/usr/src/iso-flow/backend/src/scraper/rss_parser.rs
FN:14,<impl Default for RssParser>::default
FN:20,RssParser::new
FN:29,RssParser::fetch_all_feeds
FN:48,RssParser::fetch_feed
FN:77,RssParser::parse_rss_item
FNF:5
FNDA:1,<impl Default for RssParser>::default
FNDA:23,RssParser::new
FNDA:2,RssParser::fetch_all_feeds
FNDA:34,RssParser::fetch_feed
FNDA:62,RssParser::parse_rss_item
DA:14,1
DA:15,1
DA:20,23
DA:22,46
DA:29,2
DA:30,2
DA:32,7
DA:33,12
DA:34,2
DA:35,0
DA:38,0
DA:39,0
DA:44,493
DA:48,34
DA:49,17
DA:51,51
DA:52,34
DA:53,51
DA:55,17
DA:58,17
DA:63,17
DA:67,57
DA:68,57
DA:69,0
DA:77,62
DA:78,186
DA:79,61
DA:80,116
DA:84,177
DA:85,174
DA:89,86
LF:31
LH:27
end_of_record
TN:
SF:/Users/a13694/usr/src/iso-flow/backend/src/utils/mod.rs
FN:4,string_utils::to_uppercase
FN:9,string_utils::to_lowercase
FN:14,string_utils::trim
FNF:3
FNDA:2,string_utils::to_uppercase
FNDA:2,string_utils::to_lowercase
FNDA:5,string_utils::trim
DA:4,2
DA:5,4
DA:9,2
DA:10,4
DA:14,5
DA:15,10
LF:6
LH:6
end_of_record
